
*** Running vivado
    with args -log data_ram.vds -m64 -product Vivado -mode batch -messageDb vivado.pb -notrace -source data_ram.tcl


****** Vivado v2017.3 (64-bit)
  **** SW Build 2018833 on Wed Oct  4 19:58:07 MDT 2017
  **** IP Build 2016188 on Wed Oct  4 21:52:56 MDT 2017
    ** Copyright 1986-2017 Xilinx, Inc. All Rights Reserved.

source data_ram.tcl -notrace
Starting RTL Elaboration : Time (s): cpu = 00:00:10 ; elapsed = 00:00:16 . Memory (MB): peak = 1297.230 ; gain = 82.996 ; free physical = 820 ; free virtual = 5987
INFO: [Synth 8-638] synthesizing module 'data_ram' [/home/zhang/Desktop/MiniMIPS32_lab3/MiniMIPS32.srcs/sources_1/ip/data_ram/synth/data_ram.vhd:70]
INFO: [Synth 8-256] done synthesizing module 'data_ram' (9#1) [/home/zhang/Desktop/MiniMIPS32_lab3/MiniMIPS32.srcs/sources_1/ip/data_ram/synth/data_ram.vhd:70]
Finished RTL Elaboration : Time (s): cpu = 00:01:19 ; elapsed = 00:01:31 . Memory (MB): peak = 1502.379 ; gain = 288.145 ; free physical = 839 ; free virtual = 6007
Finished RTL Optimization Phase 1 : Time (s): cpu = 00:01:19 ; elapsed = 00:01:31 . Memory (MB): peak = 1502.379 ; gain = 288.145 ; free physical = 845 ; free virtual = 6013
INFO: [Device 21-403] Loading part xc7a100tcsg324-1
Constraint Validation Runtime : Time (s): cpu = 00:00:00 ; elapsed = 00:00:00 . Memory (MB): peak = 1623.410 ; gain = 0.000 ; free physical = 495 ; free virtual = 5663
Finished Constraint Validation : Time (s): cpu = 00:01:34 ; elapsed = 00:01:55 . Memory (MB): peak = 1623.410 ; gain = 409.176 ; free physical = 1197 ; free virtual = 6368
Finished Loading Part and Timing Information : Time (s): cpu = 00:01:34 ; elapsed = 00:01:55 . Memory (MB): peak = 1623.410 ; gain = 409.176 ; free physical = 1197 ; free virtual = 6368
Finished applying 'set_property' XDC Constraints : Time (s): cpu = 00:01:34 ; elapsed = 00:01:55 . Memory (MB): peak = 1623.410 ; gain = 409.176 ; free physical = 1199 ; free virtual = 6369
Finished RTL Optimization Phase 2 : Time (s): cpu = 00:01:34 ; elapsed = 00:01:55 . Memory (MB): peak = 1623.410 ; gain = 409.176 ; free physical = 1190 ; free virtual = 6360
Finished Cross Boundary and Area Optimization : Time (s): cpu = 00:01:34 ; elapsed = 00:01:56 . Memory (MB): peak = 1623.410 ; gain = 409.176 ; free physical = 1192 ; free virtual = 6362
Finished Applying XDC Timing Constraints : Time (s): cpu = 00:01:39 ; elapsed = 00:02:03 . Memory (MB): peak = 1639.402 ; gain = 425.168 ; free physical = 1070 ; free virtual = 6240
Finished Timing Optimization : Time (s): cpu = 00:01:39 ; elapsed = 00:02:03 . Memory (MB): peak = 1639.402 ; gain = 425.168 ; free physical = 1069 ; free virtual = 6240
Finished Technology Mapping : Time (s): cpu = 00:01:39 ; elapsed = 00:02:03 . Memory (MB): peak = 1649.418 ; gain = 435.184 ; free physical = 1069 ; free virtual = 6239
Finished IO Insertion : Time (s): cpu = 00:01:40 ; elapsed = 00:02:03 . Memory (MB): peak = 1649.418 ; gain = 435.184 ; free physical = 1069 ; free virtual = 6239
Finished Renaming Generated Instances : Time (s): cpu = 00:01:40 ; elapsed = 00:02:03 . Memory (MB): peak = 1649.418 ; gain = 435.184 ; free physical = 1069 ; free virtual = 6239
Finished Rebuilding User Hierarchy : Time (s): cpu = 00:01:40 ; elapsed = 00:02:03 . Memory (MB): peak = 1649.418 ; gain = 435.184 ; free physical = 1069 ; free virtual = 6239
Finished Renaming Generated Ports : Time (s): cpu = 00:01:40 ; elapsed = 00:02:03 . Memory (MB): peak = 1649.418 ; gain = 435.184 ; free physical = 1069 ; free virtual = 6239
Finished Handling Custom Attributes : Time (s): cpu = 00:01:40 ; elapsed = 00:02:03 . Memory (MB): peak = 1649.418 ; gain = 435.184 ; free physical = 1069 ; free virtual = 6239
Finished Renaming Generated Nets : Time (s): cpu = 00:01:40 ; elapsed = 00:02:03 . Memory (MB): peak = 1649.418 ; gain = 435.184 ; free physical = 1069 ; free virtual = 6239

Report Cell Usage: 
+------+-----------+------+
|      |Cell       |Count |
+------+-----------+------+
|1     |RAMB36E1   |     1|
|2     |RAMB36E1_1 |     1|
+------+-----------+------+
Finished Writing Synthesis Report : Time (s): cpu = 00:01:40 ; elapsed = 00:02:03 . Memory (MB): peak = 1649.418 ; gain = 435.184 ; free physical = 1069 ; free virtual = 6239
synth_design: Time (s): cpu = 00:01:41 ; elapsed = 00:02:04 . Memory (MB): peak = 1657.418 ; gain = 468.012 ; free physical = 1116 ; free virtual = 6287
