
*** Running vivado
    with args -log inst_rom.vds -m64 -product Vivado -mode batch -messageDb vivado.pb -notrace -source inst_rom.tcl


****** Vivado v2017.3 (64-bit)
  **** SW Build 2018833 on Wed Oct  4 19:58:07 MDT 2017
  **** IP Build 2016188 on Wed Oct  4 21:52:56 MDT 2017
    ** Copyright 1986-2017 Xilinx, Inc. All Rights Reserved.

source inst_rom.tcl -notrace
Starting RTL Elaboration : Time (s): cpu = 00:00:10 ; elapsed = 00:00:16 . Memory (MB): peak = 1311.414 ; gain = 97.184 ; free physical = 2254 ; free virtual = 7064
INFO: [Synth 8-638] synthesizing module 'inst_rom' [/home/zhang/Desktop/MiniMIPS32_lab3/MiniMIPS32.srcs/sources_1/ip/inst_rom/synth/inst_rom.vhd:68]
INFO: [Synth 8-256] done synthesizing module 'inst_rom' (11#1) [/home/zhang/Desktop/MiniMIPS32_lab3/MiniMIPS32.srcs/sources_1/ip/inst_rom/synth/inst_rom.vhd:68]
Finished RTL Elaboration : Time (s): cpu = 00:01:48 ; elapsed = 00:02:02 . Memory (MB): peak = 1587.695 ; gain = 373.465 ; free physical = 1732 ; free virtual = 6570
Finished RTL Optimization Phase 1 : Time (s): cpu = 00:01:48 ; elapsed = 00:02:02 . Memory (MB): peak = 1587.695 ; gain = 373.465 ; free physical = 1740 ; free virtual = 6578
INFO: [Device 21-403] Loading part xc7a100tcsg324-1
Constraint Validation Runtime : Time (s): cpu = 00:00:00.01 ; elapsed = 00:00:00 . Memory (MB): peak = 1730.719 ; gain = 0.000 ; free physical = 1420 ; free virtual = 6258
Finished Constraint Validation : Time (s): cpu = 00:02:04 ; elapsed = 00:02:28 . Memory (MB): peak = 1730.719 ; gain = 516.488 ; free physical = 1459 ; free virtual = 6297
Finished Loading Part and Timing Information : Time (s): cpu = 00:02:04 ; elapsed = 00:02:28 . Memory (MB): peak = 1730.719 ; gain = 516.488 ; free physical = 1459 ; free virtual = 6297
Finished applying 'set_property' XDC Constraints : Time (s): cpu = 00:02:04 ; elapsed = 00:02:28 . Memory (MB): peak = 1730.719 ; gain = 516.488 ; free physical = 1461 ; free virtual = 6299
Finished RTL Optimization Phase 2 : Time (s): cpu = 00:02:05 ; elapsed = 00:02:29 . Memory (MB): peak = 1730.719 ; gain = 516.488 ; free physical = 1450 ; free virtual = 6288
Finished Cross Boundary and Area Optimization : Time (s): cpu = 00:02:05 ; elapsed = 00:02:29 . Memory (MB): peak = 1730.719 ; gain = 516.488 ; free physical = 1436 ; free virtual = 6274
Finished Applying XDC Timing Constraints : Time (s): cpu = 00:02:11 ; elapsed = 00:02:37 . Memory (MB): peak = 1730.719 ; gain = 516.488 ; free physical = 1843 ; free virtual = 6681
Finished Timing Optimization : Time (s): cpu = 00:02:11 ; elapsed = 00:02:37 . Memory (MB): peak = 1730.719 ; gain = 516.488 ; free physical = 1841 ; free virtual = 6679
Finished Technology Mapping : Time (s): cpu = 00:02:11 ; elapsed = 00:02:37 . Memory (MB): peak = 1730.719 ; gain = 516.488 ; free physical = 1840 ; free virtual = 6678
Finished IO Insertion : Time (s): cpu = 00:02:11 ; elapsed = 00:02:38 . Memory (MB): peak = 1730.719 ; gain = 516.488 ; free physical = 1837 ; free virtual = 6675
Finished Renaming Generated Instances : Time (s): cpu = 00:02:11 ; elapsed = 00:02:38 . Memory (MB): peak = 1730.719 ; gain = 516.488 ; free physical = 1837 ; free virtual = 6675
Finished Rebuilding User Hierarchy : Time (s): cpu = 00:02:11 ; elapsed = 00:02:38 . Memory (MB): peak = 1730.719 ; gain = 516.488 ; free physical = 1837 ; free virtual = 6675
Finished Renaming Generated Ports : Time (s): cpu = 00:02:11 ; elapsed = 00:02:38 . Memory (MB): peak = 1730.719 ; gain = 516.488 ; free physical = 1837 ; free virtual = 6675
Finished Handling Custom Attributes : Time (s): cpu = 00:02:11 ; elapsed = 00:02:38 . Memory (MB): peak = 1730.719 ; gain = 516.488 ; free physical = 1837 ; free virtual = 6675
Finished Renaming Generated Nets : Time (s): cpu = 00:02:11 ; elapsed = 00:02:38 . Memory (MB): peak = 1730.719 ; gain = 516.488 ; free physical = 1837 ; free virtual = 6675

Report Cell Usage: 
+------+------------+------+
|      |Cell        |Count |
+------+------------+------+
|1     |LUT3        |     3|
|2     |LUT4        |     8|
|3     |LUT6        |    54|
|4     |MUXF7       |    27|
|5     |RAMB36E1    |     1|
|6     |RAMB36E1_1  |     1|
|7     |RAMB36E1_10 |     9|
|8     |RAMB36E1_11 |     1|
|9     |RAMB36E1_12 |     1|
|10    |RAMB36E1_13 |     1|
|11    |RAMB36E1_14 |     1|
|12    |RAMB36E1_15 |     1|
|13    |RAMB36E1_16 |     1|
|14    |RAMB36E1_17 |     1|
|15    |RAMB36E1_18 |     1|
|16    |RAMB36E1_19 |     1|
|17    |RAMB36E1_2  |     1|
|18    |RAMB36E1_20 |     1|
|19    |RAMB36E1_3  |     1|
|20    |RAMB36E1_4  |     1|
|21    |RAMB36E1_5  |     1|
|22    |RAMB36E1_6  |     1|
|23    |RAMB36E1_7  |     1|
|24    |RAMB36E1_8  |     1|
|25    |RAMB36E1_9  |     1|
|26    |FDRE        |     3|
+------+------------+------+
Finished Writing Synthesis Report : Time (s): cpu = 00:02:11 ; elapsed = 00:02:38 . Memory (MB): peak = 1730.719 ; gain = 516.488 ; free physical = 1837 ; free virtual = 6675
synth_design: Time (s): cpu = 00:02:13 ; elapsed = 00:02:39 . Memory (MB): peak = 1738.727 ; gain = 549.324 ; free physical = 1901 ; free virtual = 6738
