
*** Running vivado
    with args -log data_ram.vds -m64 -product Vivado -mode batch -messageDb vivado.pb -notrace -source data_ram.tcl


****** Vivado v2017.3 (64-bit)
  **** SW Build 2018833 on Wed Oct  4 19:58:07 MDT 2017
  **** IP Build 2016188 on Wed Oct  4 21:52:56 MDT 2017
    ** Copyright 1986-2017 Xilinx, Inc. All Rights Reserved.

source data_ram.tcl -notrace
Starting RTL Elaboration : Time (s): cpu = 00:00:10 ; elapsed = 00:00:16 . Memory (MB): peak = 1297.227 ; gain = 82.996 ; free physical = 802 ; free virtual = 5974
INFO: [Synth 8-638] synthesizing module 'data_ram' [/home/zhang/Desktop/MiniMIPS32_lab3/MiniMIPS32.srcs/sources_1/ip/data_ram/synth/data_ram.vhd:70]
INFO: [Synth 8-256] done synthesizing module 'data_ram' (9#1) [/home/zhang/Desktop/MiniMIPS32_lab3/MiniMIPS32.srcs/sources_1/ip/data_ram/synth/data_ram.vhd:70]
Finished RTL Elaboration : Time (s): cpu = 00:01:22 ; elapsed = 00:01:33 . Memory (MB): peak = 1502.375 ; gain = 288.145 ; free physical = 773 ; free virtual = 5946
Finished RTL Optimization Phase 1 : Time (s): cpu = 00:01:22 ; elapsed = 00:01:33 . Memory (MB): peak = 1502.375 ; gain = 288.145 ; free physical = 776 ; free virtual = 5949
INFO: [Device 21-403] Loading part xc7a100tcsg324-1
Constraint Validation Runtime : Time (s): cpu = 00:00:00 ; elapsed = 00:00:00 . Memory (MB): peak = 1623.406 ; gain = 0.000 ; free physical = 467 ; free virtual = 5640
Finished Constraint Validation : Time (s): cpu = 00:01:37 ; elapsed = 00:01:58 . Memory (MB): peak = 1623.406 ; gain = 409.176 ; free physical = 498 ; free virtual = 5671
Finished Loading Part and Timing Information : Time (s): cpu = 00:01:37 ; elapsed = 00:01:58 . Memory (MB): peak = 1623.406 ; gain = 409.176 ; free physical = 498 ; free virtual = 5671
Finished applying 'set_property' XDC Constraints : Time (s): cpu = 00:01:37 ; elapsed = 00:01:58 . Memory (MB): peak = 1623.406 ; gain = 409.176 ; free physical = 500 ; free virtual = 5673
Finished RTL Optimization Phase 2 : Time (s): cpu = 00:01:37 ; elapsed = 00:01:58 . Memory (MB): peak = 1623.406 ; gain = 409.176 ; free physical = 488 ; free virtual = 5661
Finished Cross Boundary and Area Optimization : Time (s): cpu = 00:01:37 ; elapsed = 00:01:58 . Memory (MB): peak = 1623.406 ; gain = 409.176 ; free physical = 488 ; free virtual = 5660
Finished Applying XDC Timing Constraints : Time (s): cpu = 00:01:43 ; elapsed = 00:02:06 . Memory (MB): peak = 1640.398 ; gain = 426.168 ; free physical = 930 ; free virtual = 6105
Finished Timing Optimization : Time (s): cpu = 00:01:43 ; elapsed = 00:02:06 . Memory (MB): peak = 1640.398 ; gain = 426.168 ; free physical = 930 ; free virtual = 6105
Finished Technology Mapping : Time (s): cpu = 00:01:43 ; elapsed = 00:02:06 . Memory (MB): peak = 1650.414 ; gain = 436.184 ; free physical = 929 ; free virtual = 6104
Finished IO Insertion : Time (s): cpu = 00:01:43 ; elapsed = 00:02:07 . Memory (MB): peak = 1650.414 ; gain = 436.184 ; free physical = 929 ; free virtual = 6104
Finished Renaming Generated Instances : Time (s): cpu = 00:01:43 ; elapsed = 00:02:07 . Memory (MB): peak = 1650.414 ; gain = 436.184 ; free physical = 929 ; free virtual = 6104
Finished Rebuilding User Hierarchy : Time (s): cpu = 00:01:43 ; elapsed = 00:02:07 . Memory (MB): peak = 1650.414 ; gain = 436.184 ; free physical = 929 ; free virtual = 6104
Finished Renaming Generated Ports : Time (s): cpu = 00:01:43 ; elapsed = 00:02:07 . Memory (MB): peak = 1650.414 ; gain = 436.184 ; free physical = 929 ; free virtual = 6104
Finished Handling Custom Attributes : Time (s): cpu = 00:01:43 ; elapsed = 00:02:07 . Memory (MB): peak = 1650.414 ; gain = 436.184 ; free physical = 929 ; free virtual = 6104
Finished Renaming Generated Nets : Time (s): cpu = 00:01:43 ; elapsed = 00:02:07 . Memory (MB): peak = 1650.414 ; gain = 436.184 ; free physical = 929 ; free virtual = 6104

Report Cell Usage: 
+------+-----------+------+
|      |Cell       |Count |
+------+-----------+------+
|1     |RAMB36E1   |     1|
|2     |RAMB36E1_1 |     1|
+------+-----------+------+
Finished Writing Synthesis Report : Time (s): cpu = 00:01:43 ; elapsed = 00:02:07 . Memory (MB): peak = 1650.414 ; gain = 436.184 ; free physical = 929 ; free virtual = 6104
synth_design: Time (s): cpu = 00:01:44 ; elapsed = 00:02:07 . Memory (MB): peak = 1657.414 ; gain = 468.012 ; free physical = 984 ; free virtual = 6160
