
*** Running vivado
    with args -log inst_rom.vds -m64 -product Vivado -mode batch -messageDb vivado.pb -notrace -source inst_rom.tcl


****** Vivado v2017.3 (64-bit)
  **** SW Build 2018833 on Wed Oct  4 19:58:07 MDT 2017
  **** IP Build 2016188 on Wed Oct  4 21:52:56 MDT 2017
    ** Copyright 1986-2017 Xilinx, Inc. All Rights Reserved.

source inst_rom.tcl -notrace
Starting RTL Elaboration : Time (s): cpu = 00:00:10 ; elapsed = 00:00:15 . Memory (MB): peak = 1311.414 ; gain = 97.184 ; free physical = 2892 ; free virtual = 6539
INFO: [Synth 8-638] synthesizing module 'inst_rom' [/home/zhang/Desktop/MiniMIPS32-lab3/MiniMIPS32.srcs/sources_1/ip/inst_rom/synth/inst_rom.vhd:68]
INFO: [Synth 8-256] done synthesizing module 'inst_rom' (11#1) [/home/zhang/Desktop/MiniMIPS32-lab3/MiniMIPS32.srcs/sources_1/ip/inst_rom/synth/inst_rom.vhd:68]
Finished RTL Elaboration : Time (s): cpu = 00:01:38 ; elapsed = 00:01:51 . Memory (MB): peak = 1587.688 ; gain = 373.457 ; free physical = 2831 ; free virtual = 6481
Finished RTL Optimization Phase 1 : Time (s): cpu = 00:01:38 ; elapsed = 00:01:52 . Memory (MB): peak = 1587.688 ; gain = 373.457 ; free physical = 2840 ; free virtual = 6489
INFO: [Device 21-403] Loading part xc7a100tcsg324-1
Constraint Validation Runtime : Time (s): cpu = 00:00:00.01 ; elapsed = 00:00:00.01 . Memory (MB): peak = 1730.711 ; gain = 0.000 ; free physical = 2591 ; free virtual = 6256
Finished Constraint Validation : Time (s): cpu = 00:01:52 ; elapsed = 00:02:14 . Memory (MB): peak = 1730.711 ; gain = 516.480 ; free physical = 2670 ; free virtual = 6336
Finished Loading Part and Timing Information : Time (s): cpu = 00:01:52 ; elapsed = 00:02:14 . Memory (MB): peak = 1730.711 ; gain = 516.480 ; free physical = 2670 ; free virtual = 6336
Finished applying 'set_property' XDC Constraints : Time (s): cpu = 00:01:52 ; elapsed = 00:02:14 . Memory (MB): peak = 1730.711 ; gain = 516.480 ; free physical = 2672 ; free virtual = 6338
Finished RTL Optimization Phase 2 : Time (s): cpu = 00:01:53 ; elapsed = 00:02:15 . Memory (MB): peak = 1730.711 ; gain = 516.480 ; free physical = 2665 ; free virtual = 6331
Finished Cross Boundary and Area Optimization : Time (s): cpu = 00:01:53 ; elapsed = 00:02:15 . Memory (MB): peak = 1730.711 ; gain = 516.480 ; free physical = 2652 ; free virtual = 6320
Finished Applying XDC Timing Constraints : Time (s): cpu = 00:01:58 ; elapsed = 00:02:23 . Memory (MB): peak = 1730.711 ; gain = 516.480 ; free physical = 2503 ; free virtual = 6178
Finished Timing Optimization : Time (s): cpu = 00:01:58 ; elapsed = 00:02:23 . Memory (MB): peak = 1730.711 ; gain = 516.480 ; free physical = 2501 ; free virtual = 6176
Finished Technology Mapping : Time (s): cpu = 00:01:58 ; elapsed = 00:02:23 . Memory (MB): peak = 1730.711 ; gain = 516.480 ; free physical = 2500 ; free virtual = 6175
Finished IO Insertion : Time (s): cpu = 00:01:58 ; elapsed = 00:02:23 . Memory (MB): peak = 1730.711 ; gain = 516.480 ; free physical = 2500 ; free virtual = 6175
Finished Renaming Generated Instances : Time (s): cpu = 00:01:58 ; elapsed = 00:02:23 . Memory (MB): peak = 1730.711 ; gain = 516.480 ; free physical = 2500 ; free virtual = 6175
Finished Rebuilding User Hierarchy : Time (s): cpu = 00:01:58 ; elapsed = 00:02:23 . Memory (MB): peak = 1730.711 ; gain = 516.480 ; free physical = 2500 ; free virtual = 6175
Finished Renaming Generated Ports : Time (s): cpu = 00:01:58 ; elapsed = 00:02:23 . Memory (MB): peak = 1730.711 ; gain = 516.480 ; free physical = 2500 ; free virtual = 6175
Finished Handling Custom Attributes : Time (s): cpu = 00:01:58 ; elapsed = 00:02:23 . Memory (MB): peak = 1730.711 ; gain = 516.480 ; free physical = 2500 ; free virtual = 6175
Finished Renaming Generated Nets : Time (s): cpu = 00:01:58 ; elapsed = 00:02:23 . Memory (MB): peak = 1730.711 ; gain = 516.480 ; free physical = 2500 ; free virtual = 6175

Report Cell Usage: 
+------+------------+------+
|      |Cell        |Count |
+------+------------+------+
|1     |LUT3        |     3|
|2     |LUT4        |     8|
|3     |LUT6        |    54|
|4     |MUXF7       |    27|
|5     |RAMB36E1    |     1|
|6     |RAMB36E1_1  |     1|
|7     |RAMB36E1_10 |     9|
|8     |RAMB36E1_11 |     1|
|9     |RAMB36E1_12 |     1|
|10    |RAMB36E1_13 |     1|
|11    |RAMB36E1_14 |     1|
|12    |RAMB36E1_15 |     1|
|13    |RAMB36E1_16 |     1|
|14    |RAMB36E1_17 |     1|
|15    |RAMB36E1_18 |     1|
|16    |RAMB36E1_19 |     1|
|17    |RAMB36E1_2  |     1|
|18    |RAMB36E1_20 |     1|
|19    |RAMB36E1_3  |     1|
|20    |RAMB36E1_4  |     1|
|21    |RAMB36E1_5  |     1|
|22    |RAMB36E1_6  |     1|
|23    |RAMB36E1_7  |     1|
|24    |RAMB36E1_8  |     1|
|25    |RAMB36E1_9  |     1|
|26    |FDRE        |     3|
+------+------------+------+
Finished Writing Synthesis Report : Time (s): cpu = 00:01:58 ; elapsed = 00:02:23 . Memory (MB): peak = 1730.711 ; gain = 516.480 ; free physical = 2500 ; free virtual = 6175
synth_design: Time (s): cpu = 00:01:59 ; elapsed = 00:02:24 . Memory (MB): peak = 1738.719 ; gain = 549.316 ; free physical = 2563 ; free virtual = 6238
