
*** Running vivado
    with args -log data_ram.vds -m64 -product Vivado -mode batch -messageDb vivado.pb -notrace -source data_ram.tcl


****** Vivado v2017.3 (64-bit)
  **** SW Build 2018833 on Wed Oct  4 19:58:07 MDT 2017
  **** IP Build 2016188 on Wed Oct  4 21:52:56 MDT 2017
    ** Copyright 1986-2017 Xilinx, Inc. All Rights Reserved.

source data_ram.tcl -notrace
Starting RTL Elaboration : Time (s): cpu = 00:00:10 ; elapsed = 00:00:15 . Memory (MB): peak = 1297.230 ; gain = 82.996 ; free physical = 1922 ; free virtual = 6418
INFO: [Synth 8-638] synthesizing module 'data_ram' [/home/zhang/Documents/COAD/lab/2/MiniMIPS32-lab3/MiniMIPS32.srcs/sources_1/ip/data_ram/synth/data_ram.vhd:70]
INFO: [Synth 8-256] done synthesizing module 'data_ram' (9#1) [/home/zhang/Documents/COAD/lab/2/MiniMIPS32-lab3/MiniMIPS32.srcs/sources_1/ip/data_ram/synth/data_ram.vhd:70]
Finished RTL Elaboration : Time (s): cpu = 00:01:14 ; elapsed = 00:01:25 . Memory (MB): peak = 1501.684 ; gain = 287.449 ; free physical = 1906 ; free virtual = 6403
Finished RTL Optimization Phase 1 : Time (s): cpu = 00:01:14 ; elapsed = 00:01:25 . Memory (MB): peak = 1501.684 ; gain = 287.449 ; free physical = 1911 ; free virtual = 6408
INFO: [Device 21-403] Loading part xc7a100tcsg324-1
Constraint Validation Runtime : Time (s): cpu = 00:00:00.01 ; elapsed = 00:00:00.01 . Memory (MB): peak = 1623.715 ; gain = 0.000 ; free physical = 1640 ; free virtual = 6137
Finished Constraint Validation : Time (s): cpu = 00:01:28 ; elapsed = 00:01:48 . Memory (MB): peak = 1623.715 ; gain = 409.480 ; free physical = 1730 ; free virtual = 6227
Finished Loading Part and Timing Information : Time (s): cpu = 00:01:28 ; elapsed = 00:01:48 . Memory (MB): peak = 1623.715 ; gain = 409.480 ; free physical = 1730 ; free virtual = 6227
Finished applying 'set_property' XDC Constraints : Time (s): cpu = 00:01:28 ; elapsed = 00:01:48 . Memory (MB): peak = 1623.715 ; gain = 409.480 ; free physical = 1732 ; free virtual = 6229
Finished RTL Optimization Phase 2 : Time (s): cpu = 00:01:28 ; elapsed = 00:01:49 . Memory (MB): peak = 1623.715 ; gain = 409.480 ; free physical = 1723 ; free virtual = 6219
Finished Cross Boundary and Area Optimization : Time (s): cpu = 00:01:28 ; elapsed = 00:01:49 . Memory (MB): peak = 1623.715 ; gain = 409.480 ; free physical = 1724 ; free virtual = 6221
Finished Applying XDC Timing Constraints : Time (s): cpu = 00:01:33 ; elapsed = 00:01:56 . Memory (MB): peak = 1639.707 ; gain = 425.473 ; free physical = 1613 ; free virtual = 6110
Finished Timing Optimization : Time (s): cpu = 00:01:33 ; elapsed = 00:01:56 . Memory (MB): peak = 1639.707 ; gain = 425.473 ; free physical = 1613 ; free virtual = 6109
Finished Technology Mapping : Time (s): cpu = 00:01:33 ; elapsed = 00:01:56 . Memory (MB): peak = 1649.723 ; gain = 435.488 ; free physical = 1612 ; free virtual = 6108
Finished IO Insertion : Time (s): cpu = 00:01:34 ; elapsed = 00:01:57 . Memory (MB): peak = 1649.723 ; gain = 435.488 ; free physical = 1612 ; free virtual = 6108
Finished Renaming Generated Instances : Time (s): cpu = 00:01:34 ; elapsed = 00:01:57 . Memory (MB): peak = 1649.723 ; gain = 435.488 ; free physical = 1612 ; free virtual = 6108
Finished Rebuilding User Hierarchy : Time (s): cpu = 00:01:34 ; elapsed = 00:01:57 . Memory (MB): peak = 1649.723 ; gain = 435.488 ; free physical = 1612 ; free virtual = 6108
Finished Renaming Generated Ports : Time (s): cpu = 00:01:34 ; elapsed = 00:01:57 . Memory (MB): peak = 1649.723 ; gain = 435.488 ; free physical = 1612 ; free virtual = 6108
Finished Handling Custom Attributes : Time (s): cpu = 00:01:34 ; elapsed = 00:01:57 . Memory (MB): peak = 1649.723 ; gain = 435.488 ; free physical = 1612 ; free virtual = 6108
Finished Renaming Generated Nets : Time (s): cpu = 00:01:34 ; elapsed = 00:01:57 . Memory (MB): peak = 1649.723 ; gain = 435.488 ; free physical = 1612 ; free virtual = 6108

Report Cell Usage: 
+------+---------+------+
|      |Cell     |Count |
+------+---------+------+
|1     |RAMB36E1 |     2|
+------+---------+------+
Finished Writing Synthesis Report : Time (s): cpu = 00:01:34 ; elapsed = 00:01:57 . Memory (MB): peak = 1649.723 ; gain = 435.488 ; free physical = 1612 ; free virtual = 6108
synth_design: Time (s): cpu = 00:01:35 ; elapsed = 00:01:57 . Memory (MB): peak = 1655.723 ; gain = 466.316 ; free physical = 1662 ; free virtual = 6159
