
*** Running vivado
    with args -log inst_rom.vds -m64 -product Vivado -mode batch -messageDb vivado.pb -notrace -source inst_rom.tcl


****** Vivado v2017.3 (64-bit)
  **** SW Build 2018833 on Wed Oct  4 19:58:07 MDT 2017
  **** IP Build 2016188 on Wed Oct  4 21:52:56 MDT 2017
    ** Copyright 1986-2017 Xilinx, Inc. All Rights Reserved.

source inst_rom.tcl -notrace
Starting RTL Elaboration : Time (s): cpu = 00:00:09 ; elapsed = 00:00:15 . Memory (MB): peak = 1311.414 ; gain = 97.184 ; free physical = 1354 ; free virtual = 6522
INFO: [Synth 8-638] synthesizing module 'inst_rom' [/home/zhang/Desktop/MiniMIPS32_lab3/MiniMIPS32.srcs/sources_1/ip/inst_rom/synth/inst_rom.vhd:68]
INFO: [Synth 8-256] done synthesizing module 'inst_rom' (11#1) [/home/zhang/Desktop/MiniMIPS32_lab3/MiniMIPS32.srcs/sources_1/ip/inst_rom/synth/inst_rom.vhd:68]
Finished RTL Elaboration : Time (s): cpu = 00:01:45 ; elapsed = 00:01:56 . Memory (MB): peak = 1586.992 ; gain = 372.762 ; free physical = 866 ; free virtual = 6034
Finished RTL Optimization Phase 1 : Time (s): cpu = 00:01:45 ; elapsed = 00:01:56 . Memory (MB): peak = 1586.992 ; gain = 372.762 ; free physical = 875 ; free virtual = 6042
INFO: [Device 21-403] Loading part xc7a100tcsg324-1
Constraint Validation Runtime : Time (s): cpu = 00:00:00.01 ; elapsed = 00:00:00 . Memory (MB): peak = 1731.016 ; gain = 0.000 ; free physical = 616 ; free virtual = 5783
Finished Constraint Validation : Time (s): cpu = 00:02:00 ; elapsed = 00:02:21 . Memory (MB): peak = 1731.016 ; gain = 516.785 ; free physical = 740 ; free virtual = 5908
Finished Loading Part and Timing Information : Time (s): cpu = 00:02:00 ; elapsed = 00:02:21 . Memory (MB): peak = 1731.016 ; gain = 516.785 ; free physical = 740 ; free virtual = 5908
Finished applying 'set_property' XDC Constraints : Time (s): cpu = 00:02:00 ; elapsed = 00:02:21 . Memory (MB): peak = 1731.016 ; gain = 516.785 ; free physical = 742 ; free virtual = 5910
Finished RTL Optimization Phase 2 : Time (s): cpu = 00:02:00 ; elapsed = 00:02:21 . Memory (MB): peak = 1731.016 ; gain = 516.785 ; free physical = 731 ; free virtual = 5899
Finished Cross Boundary and Area Optimization : Time (s): cpu = 00:02:01 ; elapsed = 00:02:22 . Memory (MB): peak = 1731.016 ; gain = 516.785 ; free physical = 720 ; free virtual = 5888
Finished Applying XDC Timing Constraints : Time (s): cpu = 00:02:07 ; elapsed = 00:02:30 . Memory (MB): peak = 1731.016 ; gain = 516.785 ; free physical = 519 ; free virtual = 5687
Finished Timing Optimization : Time (s): cpu = 00:02:07 ; elapsed = 00:02:30 . Memory (MB): peak = 1731.016 ; gain = 516.785 ; free physical = 505 ; free virtual = 5673
Finished Technology Mapping : Time (s): cpu = 00:02:07 ; elapsed = 00:02:30 . Memory (MB): peak = 1731.016 ; gain = 516.785 ; free physical = 495 ; free virtual = 5663
Finished IO Insertion : Time (s): cpu = 00:02:07 ; elapsed = 00:02:31 . Memory (MB): peak = 1731.016 ; gain = 516.785 ; free physical = 462 ; free virtual = 5630
Finished Renaming Generated Instances : Time (s): cpu = 00:02:07 ; elapsed = 00:02:31 . Memory (MB): peak = 1731.016 ; gain = 516.785 ; free physical = 462 ; free virtual = 5630
Finished Rebuilding User Hierarchy : Time (s): cpu = 00:02:07 ; elapsed = 00:02:31 . Memory (MB): peak = 1731.016 ; gain = 516.785 ; free physical = 462 ; free virtual = 5630
Finished Renaming Generated Ports : Time (s): cpu = 00:02:07 ; elapsed = 00:02:31 . Memory (MB): peak = 1731.016 ; gain = 516.785 ; free physical = 462 ; free virtual = 5630
Finished Handling Custom Attributes : Time (s): cpu = 00:02:07 ; elapsed = 00:02:31 . Memory (MB): peak = 1731.016 ; gain = 516.785 ; free physical = 462 ; free virtual = 5630
Finished Renaming Generated Nets : Time (s): cpu = 00:02:07 ; elapsed = 00:02:31 . Memory (MB): peak = 1731.016 ; gain = 516.785 ; free physical = 462 ; free virtual = 5630

Report Cell Usage: 
+------+-----------+------+
|      |Cell       |Count |
+------+-----------+------+
|1     |LUT3       |     3|
|2     |LUT4       |     8|
|3     |LUT6       |    54|
|4     |MUXF7      |    27|
|5     |RAMB36E1   |     2|
|6     |RAMB36E1_1 |     1|
|7     |RAMB36E1_2 |     1|
|8     |RAMB36E1_3 |     1|
|9     |RAMB36E1_4 |     1|
|10    |RAMB36E1_5 |    21|
|11    |RAMB36E1_6 |     1|
|12    |RAMB36E1_7 |     1|
|13    |FDRE       |     3|
+------+-----------+------+
Finished Writing Synthesis Report : Time (s): cpu = 00:02:07 ; elapsed = 00:02:31 . Memory (MB): peak = 1731.016 ; gain = 516.785 ; free physical = 462 ; free virtual = 5630
synth_design: Time (s): cpu = 00:02:09 ; elapsed = 00:02:32 . Memory (MB): peak = 1731.016 ; gain = 541.613 ; free physical = 578 ; free virtual = 5746
